<?xml version="1.0" encoding="utf-8"?>
<test-run id="2" testcasecount="2" result="Passed" total="2" passed="2" failed="0" inconclusive="0" skipped="0" asserts="0" engine-version="3.5.0.0" clr-version="4.0.30319.42000" start-time="2020-02-12 09:54:30Z" end-time="2020-02-12 09:54:30Z" duration="0.0943112">
  <test-suite type="TestSuite" id="1000" name="New Unity Project" fullname="New Unity Project" runstate="Runnable" testcasecount="2" result="Passed" start-time="2020-02-12 09:54:30Z" end-time="2020-02-12 09:54:30Z" duration="0.094311" total="2" passed="2" failed="0" inconclusive="0" skipped="0" asserts="0">
    <properties />
    <test-suite type="Assembly" id="1004" name="PlayMode.dll" fullname="/Users/uraway/github/unity-sample/Library/ScriptAssemblies/PlayMode.dll" runstate="Runnable" testcasecount="2" result="Passed" start-time="2020-02-12 09:54:30Z" end-time="2020-02-12 09:54:30Z" duration="0.066621" total="2" passed="2" failed="0" inconclusive="0" skipped="0" asserts="0">
      <properties>
        <property name="_PID" value="86818" />
        <property name="_APPDOMAIN" value="Unity Child Domain" />
      </properties>
      <test-suite type="TestSuite" id="1005" name="Tests" fullname="Tests" runstate="Runnable" testcasecount="2" result="Passed" start-time="2020-02-12 09:54:30Z" end-time="2020-02-12 09:54:30Z" duration="0.060905" total="2" passed="2" failed="0" inconclusive="0" skipped="0" asserts="0">
        <properties />
        <test-suite type="TestFixture" id="1001" name="NewTestScript" fullname="Tests.NewTestScript" classname="Tests.NewTestScript" runstate="Runnable" testcasecount="2" result="Passed" start-time="2020-02-12 09:54:30Z" end-time="2020-02-12 09:54:30Z" duration="0.053033" total="2" passed="2" failed="0" inconclusive="0" skipped="0" asserts="0">
          <properties />
          <test-case id="1002" name="NewTestScriptSimplePasses" fullname="Tests.NewTestScript.NewTestScriptSimplePasses" methodname="NewTestScriptSimplePasses" classname="Tests.NewTestScript" runstate="Runnable" seed="1257232979" result="Passed" start-time="2020-02-12 09:54:30Z" end-time="2020-02-12 09:54:30Z" duration="0.008928" asserts="0">
            <properties />
          </test-case>
          <test-case id="1003" name="NewTestScriptWithEnumeratorPasses" fullname="Tests.NewTestScript.NewTestScriptWithEnumeratorPasses" methodname="NewTestScriptWithEnumeratorPasses" classname="Tests.NewTestScript" runstate="Runnable" seed="1011044410" result="Passed" start-time="2020-02-12 09:54:30Z" end-time="2020-02-12 09:54:30Z" duration="0.014954" asserts="0">
            <properties>
              <property name="_JOINTYPE" value="UnityCombinatorial" />
            </properties>
          </test-case>
        </test-suite>
      </test-suite>
    </test-suite>
  </test-suite>
</test-run>